0 info it worked if it ends with ok
1 verbose cli [ 'C:\\Program Files (x86)\\nodejs\\\\node.exe',
1 verbose cli   'C:\\Program Files (x86)\\nodejs\\node_modules\\npm\\bin\\npm-cli.js',
1 verbose cli   'install' ]
2 info using npm@1.4.28
3 info using node@v0.10.35
4 verbose node symlink C:\Program Files (x86)\nodejs\\node.exe
5 verbose readDependencies using package.json deps
6 verbose install where, deps [ 'C:\\Users\\SHiVA\\Desktop\\Projects\\truck_template',
6 verbose install   [ 'express',
6 verbose install     'static-favicon',
6 verbose install     'morgan',
6 verbose install     'cookie-parser',
6 verbose install     'body-parser',
6 verbose install     'debug',
6 verbose install     'jade',
6 verbose install     'mongodb',
6 verbose install     'mongoskin',
6 verbose install     'multer',
6 verbose install     'keystone',
6 verbose install     'umderscore' ] ]
7 info preinstall truck_template@0.0.1
8 verbose readDependencies using package.json deps
9 verbose already installed skipping express@~4.2.0 C:\Users\SHiVA\Desktop\Projects\truck_template
10 verbose already installed skipping static-favicon@~1.0.0 C:\Users\SHiVA\Desktop\Projects\truck_template
11 verbose already installed skipping morgan@~1.0.0 C:\Users\SHiVA\Desktop\Projects\truck_template
12 verbose already installed skipping cookie-parser@~1.0.1 C:\Users\SHiVA\Desktop\Projects\truck_template
13 verbose already installed skipping body-parser@~1.0.0 C:\Users\SHiVA\Desktop\Projects\truck_template
14 verbose already installed skipping debug@~0.7.4 C:\Users\SHiVA\Desktop\Projects\truck_template
15 verbose already installed skipping jade@~1.3.0 C:\Users\SHiVA\Desktop\Projects\truck_template
16 verbose already installed skipping mongodb@* C:\Users\SHiVA\Desktop\Projects\truck_template
17 verbose already installed skipping mongoskin@* C:\Users\SHiVA\Desktop\Projects\truck_template
18 verbose already installed skipping multer@~0.1.6 C:\Users\SHiVA\Desktop\Projects\truck_template
19 verbose cache add [ 'keystone@latest', null ]
20 verbose cache add name=undefined spec="keystone@latest" args=["keystone@latest",null]
21 verbose parsed url { protocol: null,
21 verbose parsed url   slashes: null,
21 verbose parsed url   auth: null,
21 verbose parsed url   host: null,
21 verbose parsed url   port: null,
21 verbose parsed url   hostname: null,
21 verbose parsed url   hash: null,
21 verbose parsed url   search: null,
21 verbose parsed url   query: null,
21 verbose parsed url   pathname: 'keystone@latest',
21 verbose parsed url   path: 'keystone@latest',
21 verbose parsed url   href: 'keystone@latest' }
22 verbose cache add [ 'umderscore@latest', null ]
23 verbose cache add name=undefined spec="umderscore@latest" args=["umderscore@latest",null]
24 verbose parsed url { protocol: null,
24 verbose parsed url   slashes: null,
24 verbose parsed url   auth: null,
24 verbose parsed url   host: null,
24 verbose parsed url   port: null,
24 verbose parsed url   hostname: null,
24 verbose parsed url   hash: null,
24 verbose parsed url   search: null,
24 verbose parsed url   query: null,
24 verbose parsed url   pathname: 'umderscore@latest',
24 verbose parsed url   path: 'umderscore@latest',
24 verbose parsed url   href: 'umderscore@latest' }
25 verbose cache add name="keystone" spec="latest" args=["keystone","latest"]
26 verbose parsed url { protocol: null,
26 verbose parsed url   slashes: null,
26 verbose parsed url   auth: null,
26 verbose parsed url   host: null,
26 verbose parsed url   port: null,
26 verbose parsed url   hostname: null,
26 verbose parsed url   hash: null,
26 verbose parsed url   search: null,
26 verbose parsed url   query: null,
26 verbose parsed url   pathname: 'latest',
26 verbose parsed url   path: 'latest',
26 verbose parsed url   href: 'latest' }
27 verbose addNamed [ 'keystone', 'latest' ]
28 verbose addNamed [ null, null ]
29 verbose cache add name="umderscore" spec="latest" args=["umderscore","latest"]
30 verbose parsed url { protocol: null,
30 verbose parsed url   slashes: null,
30 verbose parsed url   auth: null,
30 verbose parsed url   host: null,
30 verbose parsed url   port: null,
30 verbose parsed url   hostname: null,
30 verbose parsed url   hash: null,
30 verbose parsed url   search: null,
30 verbose parsed url   query: null,
30 verbose parsed url   pathname: 'latest',
30 verbose parsed url   path: 'latest',
30 verbose parsed url   href: 'latest' }
31 verbose addNamed [ 'umderscore', 'latest' ]
32 verbose addNamed [ null, null ]
33 silly lockFile 3d4f38ab-keystone-latest keystone@latest
34 verbose lock keystone@latest C:\Users\SHiVA\AppData\Roaming\npm-cache\3d4f38ab-keystone-latest.lock
35 silly lockFile 108d4840-umderscore-latest umderscore@latest
36 verbose lock umderscore@latest C:\Users\SHiVA\AppData\Roaming\npm-cache\108d4840-umderscore-latest.lock
37 info addNameTag [ 'umderscore', 'latest' ]
38 info addNameTag [ 'keystone', 'latest' ]
39 verbose request where is /umderscore
40 verbose request registry https://registry.npmjs.org/
41 verbose request id f20d88a672f573eb
42 verbose url raw /umderscore
43 verbose url resolving [ 'https://registry.npmjs.org/', './umderscore' ]
44 verbose url resolved https://registry.npmjs.org/umderscore
45 verbose request where is https://registry.npmjs.org/umderscore
46 info trying registry request attempt 1 at 00:48:32
47 http GET https://registry.npmjs.org/umderscore
48 verbose request where is /keystone
49 verbose request registry https://registry.npmjs.org/
50 verbose url raw /keystone
51 verbose url resolving [ 'https://registry.npmjs.org/', './keystone' ]
52 verbose url resolved https://registry.npmjs.org/keystone
53 verbose request where is https://registry.npmjs.org/keystone
54 info trying registry request attempt 1 at 00:48:32
55 verbose etag "7A0ZHFX5CPB5YIWMSW465MI8J"
56 http GET https://registry.npmjs.org/keystone
57 http 404 https://registry.npmjs.org/umderscore
58 verbose headers { date: 'Wed, 11 Feb 2015 05:48:26 GMT',
58 verbose headers   server: 'CouchDB/1.5.0 (Erlang OTP/R16B03)',
58 verbose headers   'content-type': 'application/json',
58 verbose headers   'cache-control': 'max-age=0',
58 verbose headers   'content-length': '52',
58 verbose headers   'accept-ranges': 'bytes',
58 verbose headers   via: '1.1 varnish',
58 verbose headers   age: '0',
58 verbose headers   'x-served-by': 'cache-jfk1027-JFK',
58 verbose headers   'x-cache': 'MISS',
58 verbose headers   'x-cache-hits': '0',
58 verbose headers   'x-timer': 'S1423633706.453695,VS0,VE75',
58 verbose headers   'keep-alive': 'timeout=10, max=50',
58 verbose headers   connection: 'Keep-Alive' }
59 silly registry.get cb [ 404,
59 silly registry.get   { date: 'Wed, 11 Feb 2015 05:48:26 GMT',
59 silly registry.get     server: 'CouchDB/1.5.0 (Erlang OTP/R16B03)',
59 silly registry.get     'content-type': 'application/json',
59 silly registry.get     'cache-control': 'max-age=0',
59 silly registry.get     'content-length': '52',
59 silly registry.get     'accept-ranges': 'bytes',
59 silly registry.get     via: '1.1 varnish',
59 silly registry.get     age: '0',
59 silly registry.get     'x-served-by': 'cache-jfk1027-JFK',
59 silly registry.get     'x-cache': 'MISS',
59 silly registry.get     'x-cache-hits': '0',
59 silly registry.get     'x-timer': 'S1423633706.453695,VS0,VE75',
59 silly registry.get     'keep-alive': 'timeout=10, max=50',
59 silly registry.get     connection: 'Keep-Alive' } ]
60 silly lockFile 108d4840-umderscore-latest umderscore@latest
61 silly lockFile 108d4840-umderscore-latest umderscore@latest
62 http 304 https://registry.npmjs.org/keystone
63 silly registry.get cb [ 304,
63 silly registry.get   { date: 'Wed, 11 Feb 2015 05:48:26 GMT',
63 silly registry.get     server: 'Apache',
63 silly registry.get     via: '1.1 varnish',
63 silly registry.get     'last-modified': 'Wed, 11 Feb 2015 05:48:26 GMT',
63 silly registry.get     'cache-control': 'max-age=60',
63 silly registry.get     etag: '"7A0ZHFX5CPB5YIWMSW465MI8J"',
63 silly registry.get     age: '0',
63 silly registry.get     'x-served-by': 'cache-jfk1034-JFK',
63 silly registry.get     'x-cache': 'MISS',
63 silly registry.get     'x-cache-hits': '0',
63 silly registry.get     'x-timer': 'S1423633706.454806,VS0,VE101',
63 silly registry.get     vary: 'Accept',
63 silly registry.get     'content-length': '0',
63 silly registry.get     'keep-alive': 'timeout=10, max=50',
63 silly registry.get     connection: 'Keep-Alive' } ]
64 verbose etag https://registry.npmjs.org/keystone from cache
65 verbose addNamed [ 'keystone', '0.3.0' ]
66 verbose addNamed [ '0.3.0', '0.3.0' ]
67 silly lockFile 9653b75e-keystone-0-3-0 keystone@0.3.0
68 verbose lock keystone@0.3.0 C:\Users\SHiVA\AppData\Roaming\npm-cache\9653b75e-keystone-0-3-0.lock
69 silly lockFile 9653b75e-keystone-0-3-0 keystone@0.3.0
70 silly lockFile 9653b75e-keystone-0-3-0 keystone@0.3.0
71 silly lockFile 3d4f38ab-keystone-latest keystone@latest
72 silly lockFile 3d4f38ab-keystone-latest keystone@latest
73 info already installed keystone@0.3.0
74 error 404 404 Not Found: umderscore
74 error 404
74 error 404 'umderscore' is not in the npm registry.
74 error 404 You should bug the author to publish it
74 error 404 It was specified as a dependency of 'truck_template'
74 error 404
74 error 404 Note that you can also install from a
74 error 404 tarball, folder, or http url, or git url.
75 error System Windows_NT 6.1.7600
76 error command "C:\\Program Files (x86)\\nodejs\\\\node.exe" "C:\\Program Files (x86)\\nodejs\\node_modules\\npm\\bin\\npm-cli.js" "install"
77 error cwd C:\Users\SHiVA\Desktop\Projects\truck_template
78 error node -v v0.10.35
79 error npm -v 1.4.28
80 error code E404
81 verbose exit [ 1, true ]
